{
  "RSpec": {
    "coverage": {
      "/Users/coreyfischer/challenges/project_dive_bomb/app/models/user.rb": [
        1,
        null,
        null,
        1,
        null,
        1,
        null,
        null,
        1,
        1,
        1,
        1,
        1,
        null,
        1,
        null,
        1,
        null,
        1,
        174,
        null,
        null,
        1,
        44,
        null,
        null
      ],
      "/Users/coreyfischer/challenges/project_dive_bomb/app/models/application_record.rb": [
        1,
        1,
        null
      ],
      "/Users/coreyfischer/challenges/project_dive_bomb/app/uploaders/profile_photo_uploader.rb": [
        1,
        null,
        null,
        null,
        null,
        null,
        null,
        1,
        1,
        1,
        2,
        null,
        null,
        0,
        0,
        null,
        0,
        null,
        null,
        null,
        null,
        null,
        null,
        null,
        null,
        null,
        null,
        null,
        null,
        null,
        null,
        null,
        null,
        null,
        null,
        null,
        null,
        null,
        null,
        null,
        null,
        null,
        null,
        null,
        null,
        null,
        null,
        null,
        null,
        null,
        null,
        null,
        null,
        null,
        null,
        null,
        null,
        null,
        null
      ],
      "/Users/coreyfischer/challenges/project_dive_bomb/app/helpers/application_helper.rb": [
        1,
        null
      ],
      "/Users/coreyfischer/challenges/project_dive_bomb/app/models/bar.rb": [
        1,
        1,
        1,
        1,
        1,
        1,
        1,
        null,
        1,
        null
      ],
      "/Users/coreyfischer/challenges/project_dive_bomb/app/models/review.rb": [
        1,
        1,
        null,
        1,
        1,
        1,
        null,
        null,
        null,
        null,
        null,
        1,
        null,
        null,
        null,
        null,
        null,
        1,
        null,
        null,
        null,
        null,
        null,
        1,
        null,
        null,
        null,
        null,
        null,
        1,
        null,
        null,
        null,
        null,
        null,
        null,
        1,
        1,
        null,
        1,
        12,
        16,
        8,
        null,
        null,
        null,
        null
      ],
      "/Users/coreyfischer/challenges/project_dive_bomb/app/controllers/bars_controller.rb": [
        1,
        1,
        null,
        1,
        56,
        null,
        null,
        1,
        26,
        26,
        36,
        26,
        36,
        26,
        26,
        10,
        8,
        8,
        8,
        8,
        8,
        8,
        null,
        null,
        null,
        26,
        18,
        null,
        8,
        null,
        null,
        null,
        1,
        3,
        null,
        null,
        1,
        2,
        2,
        null,
        2,
        1,
        1,
        null,
        1,
        1,
        null,
        null,
        null,
        1,
        3,
        null,
        null,
        1,
        3,
        3,
        null,
        3,
        1,
        1,
        1,
        null,
        2,
        2,
        null,
        null,
        null,
        1,
        1,
        1,
        null,
        1,
        1,
        null,
        null,
        1,
        null,
        1,
        0,
        0,
        0,
        null,
        null,
        null,
        1,
        null,
        1,
        5,
        null,
        null,
        1,
        17,
        5,
        5,
        null,
        null,
        null
      ],
      "/Users/coreyfischer/challenges/project_dive_bomb/app/controllers/application_controller.rb": [
        1,
        1,
        1,
        null,
        1,
        null,
        1,
        79,
        79,
        79,
        79,
        79,
        null,
        null
      ],
      "/Users/coreyfischer/challenges/project_dive_bomb/app/mailers/user_mailer.rb": [
        1,
        1,
        44,
        44,
        null,
        null,
        null,
        null,
        null
      ],
      "/Users/coreyfischer/challenges/project_dive_bomb/app/mailers/application_mailer.rb": [
        1,
        1,
        null
      ],
      "/Users/coreyfischer/challenges/project_dive_bomb/app/controllers/reviews_controller.rb": [
        1,
        1,
        null,
        1,
        6,
        6,
        1,
        1,
        1,
        1,
        null,
        null,
        1,
        1,
        1,
        0,
        null,
        null,
        1,
        0,
        null,
        1,
        1,
        null,
        null,
        5,
        null,
        null,
        null,
        1,
        5,
        5,
        5,
        5,
        3,
        1,
        1,
        1,
        1,
        1,
        1,
        1,
        null,
        3,
        3,
        null,
        2,
        2,
        null,
        null,
        null,
        1,
        1,
        1,
        null,
        null,
        1,
        1,
        1,
        1,
        1,
        1,
        1,
        null,
        0,
        0,
        null,
        null,
        null,
        1,
        2,
        2,
        2,
        2,
        2,
        null,
        null,
        1,
        null,
        1,
        6,
        null,
        null
      ],
      "/Users/coreyfischer/challenges/project_dive_bomb/app/mailers/review_mailer.rb": [
        1,
        1,
        8,
        8,
        8,
        null,
        null,
        null,
        null,
        null
      ],
      "/Users/coreyfischer/challenges/project_dive_bomb/app/controllers/api/v1/bars_controller.rb": [
        0,
        0,
        0,
        0,
        0
      ],
      "/Users/coreyfischer/challenges/project_dive_bomb/app/controllers/api_controller.rb": [
        0,
        0,
        0,
        0,
        0
      ]
    },
    "timestamp": 1489682819
  }
}
